00:00:02.321629 VirtualBox GUI VM Selector Window 6.1.34 r150636 linux.amd64 (May 30 2022 06:37:05) release log
00:00:02.321635 Log opened 2022-07-05T12:54:48.294611000Z
00:00:02.321637 Build Type: release
00:00:02.321643 OS Product: Linux
00:00:02.321647 OS Release: 5.18.9-arch1-1
00:00:02.321650 OS Version: #1 SMP PREEMPT_DYNAMIC Sat, 02 Jul 2022 21:03:06 +0000
00:00:02.321703 DMI Product Name: X510UNR
00:00:02.321726 DMI Product Version: 1.0       
00:00:02.321737 Firmware type: UEFI
00:00:02.322851 Secure Boot: Disabled
00:00:02.322952 Host RAM: 7835MB (7.6GB) total, 6280MB (6.1GB) available
00:00:02.322971 Executable: /usr/lib/virtualbox/VirtualBox
00:00:02.322973 Process ID: 99846
00:00:02.322974 Package type: LINUX_64BITS_GENERIC (OSE)
00:00:02.323045 Qt version: 5.15.5
00:00:02.500498 GUI: UIMediumEnumerator: Medium-enumeration started...
00:00:05.268740 GUI: UIDesktopWidgetWatchdog::sltHandleHostScreenAvailableGeometryCalculated: Screen 0 work area is actually resized to: 9x9 x 1900x1034
00:00:05.383739 GUI: UIMediumEnumerator: Medium-enumeration finished!
00:01:52.785808 GUI: UIMediumEnumerator: Medium-enumeration finished!
00:10:41.723124 GUI: UIMediumEnumerator: Medium-enumeration finished!
00:10:51.661190 GUI: UIMediumEnumerator: Medium-enumeration finished!
00:11:08.378693 GUI: UIMediumEnumerator: Medium-enumeration finished!
00:11:10.750129 GUI: UIMediumEnumerator: Medium-enumeration finished!
